15244749863	14397114174	20190124215139	0881
17336673697	19154926260	20190121051512	2725
19602240179	19683537146	20190424084730	0392
13319935953	19154926260	20190317232742	1292
19342117869	15280214634	20190525021343	1357
14410679238	16160892861	20190403031219	0371
19565082510	16160892861	20190412081834	2718
16569963779	17405139883	20190628234348	1813
19342117869	15884588694	20190820125215	1340
19565082510	18101213362	20190404224723	2620
15647679901	19565082510	20190930024627	2046
19313925217	15647679901	20191219131620	2169
15781588029	19313925217	20190413124401	2804
15647679901	18101213362	20191212083744	1830
14171709460	15244749863	20190827104920	0059
18840172592	14171709460	20190807072805	0741
17405139883	18101213362	20190303012537	2122
16160892861	19565082510	20190623023416	0862
14171709460	19154926260	20190810015248	1912
19683537146	17336673697	20190403013857	2173
19154926260	17405139883	20190518052243	2579
16569963779	19313925217	20190530170811	1881
15305526350	17885275338	20191101040248	0859
19154926260	16574556259	20190624064759	0067
15781588029	16160892861	20191116185325	0801
18840172592	15884588694	20190425002743	1866
19154926260	14397114174	20190810093821	2601
14171709460	16569963779	20190304110052	1051
13319935953	19683537146	20190709233550	2578
13319935953	17405139883	20190926002518	1368
19683537146	17405139883	20191105100513	2453
14397114174	15781588029	20190626233956	2576
19154926260	15647679901	20191027060849	2875
14930423697	19342117869	20190411193442	2394
15647679901	19565082510	20190917230308	2619
19313925217	15280214634	20191110090527	2786
15647679901	18840172592	20190624055742	1475
19683537146	13319935953	20191220062228	1625
16574556259	15647679901	20190426013412	2741
15305526350	14397114174	20190214041356	1834
15884588694	15305526350	20190104044531	1841
19313925217	15280214634	20191217232723	2764
14397114174	19602240179	20190328134142	1201
19602240179	14171709460	20190310000144	0395
17405139883	19342117869	20191125210307	1742
17405139883	19313925217	20190330231621	2460
15647679901	14410679238	20190711113335	2343
15305526350	19602240179	20191228092827	1486
15781588029	16569963779	20190902081010	2241
15884588694	19313925217	20191031040419	0794
14930423697	13319935953	20191203225611	2421
19313925217	14930423697	20191218020731	0931
19342117869	15884588694	20191111012204	2738
19683537146	14930423697	20190915081058	1622
17405139883	17885275338	20190811081913	0774
16569963779	19313925217	20190705072737	0780
14171709460	16574556259	20190709102623	0360
15280214634	15647679901	20190728185542	0319
17405139883	15781588029	20190527041409	0285
13319935953	19342117869	20190910135118	0384
15781588029	15280214634	20191121084513	2352
17336673697	17885275338	20190513084735	0988
15647679901	16569963779	20190612225329	0980
14410679238	15647679901	20190720040337	0965
16569963779	15647679901	20190223035842	1317
19342117869	16574556259	20190420212608	1657
18840172592	19342117869	20190911112934	0987
19313925217	14410679238	20190324035559	0005
19154926260	14410679238	20191013054801	0317
13319935953	15647679901	20190407015324	0239
19565082510	15244749863	20190104152711	1785
19683537146	19342117869	20190623104729	0311
19602240179	17885275338	20191104194403	0274
17336673697	15244749863	20190207104736	2764
15884588694	19313925217	20190908182456	0618
17336673697	14397114174	20191103150732	1433
16569963779	17405139883	20190814094158	0486
18101213362	13319935953	20190806134221	0941
19683537146	18101213362	20190325042625	0693
14410679238	15884588694	20190330023127	2879
15781588029	19683537146	20190701211931	0743
14397114174	17336673697	20190903013616	2615
19154926260	19565082510	20190911035234	0047
17336673697	19342117869	20190806213149	0698
19342117869	14171709460	20190921230041	2956
15781588029	16160892861	20190814132055	2555
15884588694	13319935953	20190819042252	2679
14397114174	16569963779	20190704234603	1431
19342117869	17885275338	20190517223403	1304
14410679238	17885275338	20190120152544	1171
19683537146	14171709460	20190726081320	1540
19313925217	14171709460	20190107010235	1175
14397114174	17405139883	20190722054919	1409
17336673697	19683537146	20190711123216	1020
19342117869	14171709460	20190428202532	2324
15884588694	16160892861	20191217081445	2433
15244749863	15647679901	20191125115232	0329
14397114174	17405139883	20190929143013	2449
15244749863	16160892861	20191223153102	0250
19342117869	18840172592	20190528184351	0507
19565082510	16569963779	20190919154515	2196
17336673697	15647679901	20190825185145	0868
17405139883	16574556259	20190124173207	0286
18101213362	19602240179	20190415102948	1519
16160892861	16569963779	20191015165959	0999
19683537146	16569963779	20190822155040	2994
19313925217	15244749863	20191024024006	1197
19683537146	19602240179	20190523024942	2385
16160892861	19342117869	20190809001805	2269
13319935953	18840172592	20190811234653	1504
19154926260	15647679901	20190702041755	1221
18101213362	17405139883	20190623181152	1407
15280214634	14397114174	20190212013434	1208
14171709460	14410679238	20190812055655	0546
15781588029	17405139883	20191018222527	0049
15781588029	18840172592	20190626050443	0769
16160892861	19342117869	20190511035720	2254
19565082510	14410679238	20190422203458	2825
19313925217	19342117869	20191021172046	1123
15884588694	15305526350	20190531075701	0250
19565082510	16569963779	20190306105656	0299
15647679901	14397114174	20190908021906	0268
15781588029	19602240179	20191026011159	0852
16160892861	14397114174	20190928150808	2872
19154926260	17405139883	20190225223544	0030
18101213362	19313925217	20191108053131	2168
18840172592	16160892861	20190427141950	1528
17885275338	19154926260	20191205011347	1107
17885275338	19154926260	20190328064427	0498
15781588029	16160892861	20190206140116	0838
15884588694	17336673697	20190715184206	1575
15244749863	19565082510	20191101124448	0681
19683537146	15244749863	20190102153618	1681
18840172592	14930423697	20191117172227	1728
16569963779	19602240179	20191129012628	2901
14930423697	17885275338	20191010031350	1641
17885275338	15781588029	20190706113816	0883
19565082510	17885275338	20190927193028	0037
16574556259	15781588029	20190411181933	2272
17405139883	15280214634	20190202112612	0042
14397114174	14171709460	20190727161126	1975
18840172592	19154926260	20191014123319	2180
19602240179	16574556259	20190216072521	0117
15884588694	17405139883	20190316011905	0728
15884588694	19154926260	20191226155119	0981
15244749863	19565082510	20190908135431	2669
19683537146	16569963779	20190410151718	1474
16160892861	14397114174	20190501212426	2917
19565082510	17885275338	20190908222152	0389
15280214634	13319935953	20191108030848	0259
15305526350	15280214634	20190608020350	0484
14171709460	15280214634	20190131134826	0523
13319935953	16160892861	20191129144528	2900
17405139883	15305526350	20191202160118	0509
17885275338	19154926260	20191003032800	1485
19683537146	18101213362	20190802092231	1239
13319935953	18101213362	20190814050407	0368
14171709460	19342117869	20190501025513	1142
15884588694	19565082510	20190113070754	2868
18101213362	19683537146	20191004174721	0118
17405139883	19313925217	20190131010558	0060
15280214634	14171709460	20190522031256	2430
19154926260	15305526350	20190622155451	0882
19342117869	19313925217	20191212110404	1844
19602240179	17405139883	20190309155348	0230
14410679238	15781588029	20191116043936	0689
19565082510	19154926260	20190206054235	1304
17336673697	15647679901	20190129224320	1148
15244749863	19602240179	20190328052104	0967
17885275338	16160892861	20191222122800	0143
15280214634	15305526350	20190818080108	1332
16569963779	16160892861	20190317060518	2820
14930423697	19683537146	20190504225348	0438
19154926260	15305526350	20191228015813	2963
15244749863	14397114174	20190601055505	1658
14410679238	19342117869	20190426103023	0320
14410679238	15884588694	20190307193525	1671
19602240179	17336673697	20190213034434	2259
19342117869	19313925217	20190425061632	2922
17336673697	15244749863	20190109105246	2277
15305526350	15280214634	20191023205439	0853
15244749863	16569963779	20190424024737	1576
14397114174	14171709460	20190926205851	0876
15647679901	18101213362	20191114204544	0413
15305526350	15884588694	20190628062445	1912
16160892861	19602240179	20190124235742	2385
15884588694	17405139883	20191201113822	1516
15884588694	19342117869	20190924112947	0030
14171709460	18101213362	20191113085550	2775
19313925217	14930423697	20191124115141	0040
15647679901	17405139883	20190527213628	1077
19602240179	17336673697	20191230180143	1102
13319935953	14930423697	20191113082031	1439
19683537146	13319935953	20190113154403	1538
15280214634	15244749863	20190217162547	2266
17336673697	19565082510	20190129115438	0091
15280214634	14171709460	20190519085543	2426
16569963779	19154926260	20191124131715	2597
16574556259	15884588694	20191218183942	2477
13319935953	19683537146	20191217233609	2279
17885275338	15244749863	20190715191227	2866
15884588694	15781588029	20191013130703	1212
14397114174	19154926260	20190623194507	0342
19342117869	18101213362	20190628233351	2129
19565082510	18101213362	20190902183829	2619
16569963779	18840172592	20190316143154	2286
19154926260	15781588029	20191122080441	1739
15280214634	15884588694	20190507164414	0200
18101213362	19565082510	20190326045645	2717
19602240179	17885275338	20190502083537	2042
15884588694	17405139883	20190704042432	1567
14410679238	15781588029	20190822195328	1298
17336673697	13319935953	20191115124605	2117
16160892861	14410679238	20190102025658	2907
19602240179	19683537146	20190818200033	0365
16160892861	15884588694	20190604035502	1787
19342117869	19154926260	20190827111851	1151
19683537146	15305526350	20191113052926	0394
15647679901	15280214634	20190202121600	0716
15781588029	19342117869	20190604053140	2069
19602240179	15244749863	20191005170327	0086
16574556259	15305526350	20190428080832	2072
15781588029	15244749863	20190716160926	2747
19565082510	17336673697	20191015125553	0304
14397114174	16574556259	20190701135803	1190
16574556259	14930423697	20190112080416	1395
15280214634	14410679238	20190619050257	1112
15305526350	14171709460	20190817195532	2411
14930423697	17405139883	20190417214449	0128
18101213362	13319935953	20191221132005	2404
19565082510	17405139883	20190705091602	1233
19313925217	13319935953	20190923142734	2305
17885275338	14397114174	20190516122243	2682
19683537146	16574556259	20190303193001	2635
17405139883	16160892861	20191202193121	2548
19683537146	15647679901	20191122210533	0315
17405139883	15884588694	20190428104942	2372
19154926260	14410679238	20190704165926	1074
15305526350	19313925217	20190411164454	0921
17336673697	14410679238	20191218195334	2464
14410679238	14930423697	20190325110353	0779
18840172592	14171709460	20190324035458	0689
17336673697	14397114174	20190429040242	1244
19602240179	16569963779	20191001091027	2530
13319935953	19342117869	20190317053613	2921
14397114174	16574556259	20190127235326	0611
19683537146	17336673697	20190929182337	2879
19565082510	19683537146	20191002100633	2874
17336673697	19602240179	20190225173530	0599
15244749863	17336673697	20190430144908	2283
18840172592	15781588029	20191110012652	2008
17336673697	19342117869	20191024113555	2951
17405139883	19683537146	20190417030015	2071
13319935953	19602240179	20190419145324	2258
17336673697	16574556259	20191026220956	2582
18840172592	19602240179	20190706035501	0379
16160892861	15280214634	20190804004925	2181
17885275338	13319935953	20190424020001	2291
13319935953	14397114174	20190828051255	1676
15647679901	14171709460	20190617133009	2352
15305526350	19683537146	20190625070816	0509
19313925217	17405139883	20190722223420	0198
15781588029	15280214634	20190724120045	1873
19683537146	15884588694	20190605045329	2168
14410679238	17336673697	20190518225306	2846
16574556259	15884588694	20190830151342	0484
16569963779	13319935953	20190326215612	0877
14930423697	19313925217	20190715190918	2261
17405139883	14410679238	20190518223212	2452
19342117869	19683537146	20190420140114	1582
17405139883	13319935953	20190908134144	1752
14397114174	17885275338	20190922031902	2634
15280214634	18840172592	20190307201840	1984
19602240179	15305526350	20190905165434	1206
14410679238	16569963779	20191117145933	1512
15781588029	19342117869	20191206040604	2198
14410679238	16574556259	20190918033412	2451
15647679901	19154926260	20190413075532	0647
14930423697	17336673697	20190915163446	2716
16569963779	17405139883	20190720235744	1647
19602240179	14171709460	20190224115036	0590
19602240179	18101213362	20191019095643	1847
15305526350	14930423697	20190601102659	0784
18101213362	19342117869	20190119034435	2953
19154926260	19602240179	20190111002948	0585
17336673697	15647679901	20191024191445	2359
15305526350	19313925217	20190321232219	1725
18840172592	17405139883	20190826002338	2337
18101213362	15244749863	20191210042102	2892
13319935953	14410679238	20190524170011	0942
17336673697	15280214634	20191227040749	1332
19342117869	19683537146	20190726140425	0728
19683537146	14930423697	20191107043708	0269
15781588029	18101213362	20190621063827	0773
19602240179	15647679901	20190305014606	1453
13319935953	18840172592	20190413063348	0523
15884588694	16574556259	20190531022015	1220
15244749863	19342117869	20190707052503	1781
18840172592	16569963779	20191016104936	1158
16569963779	18840172592	20191208101720	1097
19154926260	19565082510	20191027090044	0138
16569963779	16160892861	20191023035358	0519
19313925217	19565082510	20190207215826	1505
19565082510	17885275338	20190127142222	0341
15305526350	17405139883	20190811043043	0766
14930423697	13319935953	20190501015642	1048
17885275338	18101213362	20191126023738	1791
15781588029	18101213362	20190724105928	0498
19313925217	19154926260	20190701151752	2193
14410679238	19602240179	20190116223424	0809
13319935953	19342117869	20190828060440	0878
18840172592	19313925217	20191002075642	1010
18840172592	16574556259	20191120205238	0931
19602240179	19565082510	20190419233509	2068
18101213362	15280214634	20190813171928	2507
15884588694	14930423697	20190819014215	0279
15781588029	17336673697	20191026105528	0290
19602240179	15781588029	20191004150235	0649
15781588029	15884588694	20191126091417	2519
17336673697	15305526350	20191204191854	2085
19683537146	15884588694	20190406054923	2971
16569963779	15280214634	20190415084155	0714
15244749863	15884588694	20191215035222	2062
19565082510	18840172592	20191221172512	2485
15781588029	18101213362	20190604192553	2722
16569963779	19154926260	20190123011358	1958
14410679238	16574556259	20190409143916	0945
17336673697	14410679238	20190521161536	0208
19313925217	19602240179	20190502164043	0137
16160892861	16569963779	20190226103701	2615
15647679901	17336673697	20190403095206	0064
18101213362	15244749863	20190619175341	0342
17336673697	18840172592	20190507200940	0869
17336673697	14171709460	20191021121117	1075
15647679901	14397114174	20190131061737	2748
17405139883	18840172592	20190807105932	2964
16160892861	14171709460	20190529011158	0505
19683537146	14930423697	20190801095947	2118
17405139883	15305526350	20191230020037	1336
15244749863	19154926260	20191107112448	2069
16160892861	16569963779	20191002195315	2712
15244749863	19342117869	20190930134436	2167
18840172592	16569963779	20190110092007	2091
19683537146	19565082510	20190505202525	1837
15244749863	15781588029	20190810152720	0894
13319935953	16574556259	20190206040616	1523
18101213362	16569963779	20190414083133	0149
16574556259	17405139883	20191228004423	0874
16569963779	17405139883	20190924124955	0300
17336673697	16569963779	20191014032924	2878
17405139883	15280214634	20190121101847	0636
17885275338	17336673697	20190901184358	0709
19565082510	19683537146	20190224233530	2772
13319935953	19565082510	20190812051624	0470
15280214634	14930423697	20190821063100	0803
19154926260	17885275338	20191122025831	1384
15305526350	14171709460	20190508033158	1345
14410679238	14171709460	20190820001612	2971
16569963779	17336673697	20190720105436	0458
14930423697	15647679901	20190822045634	2722
15280214634	17405139883	20190120205532	2375
13319935953	15647679901	20191126184416	0142
18840172592	15884588694	20191230151153	0009
19154926260	16160892861	20190130170219	0111
13319935953	17336673697	20190613090224	1171
17885275338	13319935953	20190806112436	0381
19602240179	16574556259	20190918192308	0216
15647679901	19342117869	20190713021408	1387
17336673697	19565082510	20191208035113	2656
19602240179	15280214634	20191118040414	1483
19342117869	15305526350	20190213220019	1196
19313925217	18840172592	20190214102930	0753
15884588694	19602240179	20191122105406	1419
15884588694	13319935953	20190413205456	1954
16160892861	18840172592	20190726053600	2123
14397114174	13319935953	20190606034259	0770
14171709460	19313925217	20190917120211	1341
17405139883	13319935953	20190720222629	0598
15280214634	19313925217	20191006223140	0528
17336673697	14397114174	20190507032534	2691
15280214634	16160892861	20190403012444	1881
18840172592	17885275338	20190601235045	0672
16574556259	19602240179	20191223193610	1388
19154926260	18840172592	20190611052111	0717
15244749863	19313925217	20190429181935	1335
17885275338	15280214634	20190104095438	1526
19683537146	14397114174	20190426051441	1313
16160892861	13319935953	20190218210750	2368
16569963779	15305526350	20190224103520	2901
15884588694	18840172592	20190212180507	2308
14410679238	19342117869	20190818074529	1919
16569963779	17405139883	20191207084805	1736
13319935953	19602240179	20191027235443	2399
17336673697	19565082510	20191130145857	0241
19154926260	19313925217	20191016060149	0959
15280214634	18101213362	20190417051528	1765
15884588694	15781588029	20190920062100	1830
19342117869	16160892861	20190407144353	2276
14397114174	15647679901	20191102182215	0518
17885275338	14171709460	20190627025036	2389
17405139883	15280214634	20190521020838	1891
15781588029	17885275338	20190321163808	2870
15244749863	16574556259	20190507032346	1240
19313925217	19602240179	20190504191238	2312
15884588694	17405139883	20191206222126	2153
15884588694	18840172592	20191106141912	0153
15280214634	13319935953	20190812064714	2683
16160892861	18840172592	20190719100858	2935
17405139883	15244749863	20190306123053	2241
15781588029	19154926260	20190301050242	2593
15305526350	14171709460	20190926072623	2303
19313925217	18840172592	20191019092747	0443
14171709460	19565082510	20190926095950	0217
16574556259	15280214634	20190531220612	2537
19154926260	14171709460	20190531155608	0660
15884588694	14397114174	20191204040525	1030
15244749863	16160892861	20190204201523	2447
18840172592	18101213362	20191010051313	2364
19342117869	14171709460	20190506052812	1525
14171709460	18840172592	20191007223222	1222
16569963779	13319935953	20190330205757	2268
15280214634	19313925217	20191229133602	2582
15244749863	18840172592	20190613021630	1624
19342117869	17885275338	20190804101841	1862
13319935953	19683537146	20191005190148	0707
15781588029	15647679901	20190520174633	0528
14397114174	17336673697	20190924091629	0589
14171709460	17885275338	20190516072158	2209
17336673697	19565082510	20190610125541	2839
14171709460	15647679901	20190224073826	2095
19154926260	15305526350	20190702230739	0131
17405139883	14171709460	20190625174734	1883
17336673697	14930423697	20190515041018	0745
19313925217	19342117869	20191130010302	0827
16160892861	14171709460	20191101230008	2681
17885275338	15280214634	20191123184308	1178
16160892861	17336673697	20190216164303	2313
17336673697	19342117869	20190101020659	1433
19313925217	15305526350	20190814192101	1684
14171709460	19683537146	20190326020639	1223
13319935953	15280214634	20190323215758	0781
18840172592	16569963779	20191207004755	1689
15647679901	15280214634	20190404203729	2264
14410679238	17336673697	20190902112842	1054
19565082510	15647679901	20190203173306	0499
19565082510	19154926260	20190518134001	2237
16160892861	19154926260	20190221171946	2523
15781588029	15305526350	20190111093720	1268
15647679901	18840172592	20190203222456	1624
14171709460	15647679901	20190929114011	1343
18840172592	19602240179	20190405035658	0165
19565082510	15280214634	20190107052518	0113
18101213362	19342117869	20190912124321	1059
14410679238	16574556259	20190619123028	0046
16574556259	16569963779	20191130201522	2206
19565082510	19313925217	20190121171713	2412
15305526350	15781588029	20190831165826	0833
18840172592	19602240179	20190102004139	1169
14397114174	16569963779	20190603020909	1287
19154926260	15244749863	20191102141526	1830
15647679901	15884588694	20190524181419	0859
17336673697	15781588029	20190731053740	2648
19313925217	15781588029	20190904163924	2844
14171709460	19154926260	20190306085102	0166
18840172592	15244749863	20191012164244	0582
15305526350	19313925217	20190813005948	1748
17336673697	18101213362	20190204234756	2803
19683537146	19154926260	20190823023803	1947
17885275338	19313925217	20191110185303	2439
19683537146	15305526350	20191211233423	2374
15305526350	17885275338	20191205120838	1078
17336673697	17885275338	20191027180618	1944
15781588029	15884588694	20190326002316	1268
19313925217	16569963779	20191203215711	2541
17336673697	16160892861	20190131021902	1710
14397114174	19683537146	20190206205001	2415
13319935953	15244749863	20190929060950	0668
15884588694	16574556259	20190812120157	0536
14397114174	17885275338	20191025202138	2914
15244749863	15305526350	20190414155639	1008
15280214634	15305526350	20190401235255	2808
16569963779	14171709460	20190614080040	2852
15781588029	14410679238	20190226215413	2828
16160892861	16574556259	20190607005209	1547
14171709460	15305526350	20190327143607	0755
14171709460	19602240179	20191117192652	1310
15280214634	15884588694	20191024030459	0612
15647679901	19602240179	20191102035611	2947
17405139883	13319935953	20190113122848	1420
17336673697	16569963779	20190901122340	2741
19342117869	19154926260	20190526124855	2667
16574556259	19342117869	20190302234237	0240
13319935953	16160892861	20191209005204	0633
19683537146	17885275338	20191111215156	1322
19154926260	16569963779	20190320192701	1437
15781588029	15280214634	20190517110745	2449
14171709460	17405139883	20191124072727	1935
18840172592	17336673697	20190730135422	0211
16160892861	19683537146	20190620070151	2741
19313925217	15280214634	20190304012053	0580
14410679238	17885275338	20191005161128	2455
19154926260	17885275338	20190203041455	1323
17336673697	19683537146	20191017101736	1203
16569963779	15781588029	20190714084827	2028
18840172592	15280214634	20191122122628	2553
15305526350	19342117869	20190205110315	2065
17336673697	19313925217	20190318111422	1143
15781588029	15280214634	20191124032535	1996
19565082510	13319935953	20191024003221	1695
18101213362	17336673697	20190329112804	0496
15280214634	15305526350	20190117173148	0890
16574556259	15244749863	20190617035527	1801
19565082510	15305526350	20190109070115	0323
13319935953	14930423697	20190703014247	1188
18840172592	17885275338	20190423000756	1544
19154926260	17405139883	20190412160900	2704
15305526350	19154926260	20190630210130	0341
17405139883	18840172592	20190528081126	2879
15244749863	16569963779	20191208123530	2836
14930423697	16569963779	20190906015501	2701
17405139883	19313925217	20190515050416	0721
19342117869	15305526350	20190604143237	1727
14171709460	15305526350	20191029105736	2853
19602240179	15781588029	20191007151138	2913
19313925217	16574556259	20190428070047	1290
19683537146	15647679901	20190710165311	1748
17405139883	16574556259	20190127015132	2601
17405139883	19565082510	20191010153827	1204
17336673697	15244749863	20190923171525	2464
15305526350	16574556259	20190306042328	1401
15647679901	16574556259	20191112141955	2304
19565082510	14930423697	20190507161953	2111
15781588029	19602240179	20190208082336	2966
15280214634	15781588029	20191105011010	1486
15781588029	14410679238	20190829030343	2073
19154926260	19565082510	20191006150716	2316
15244749863	15305526350	20190823231141	1849
15305526350	19342117869	20190523055226	0129
19154926260	19342117869	20190909101308	1860
19154926260	14930423697	20190814132954	2967
17336673697	19342117869	20190727172927	1126
14410679238	17405139883	20190721234131	0739
16160892861	17405139883	20190926203744	0809
19565082510	14410679238	20190608065126	1028
14410679238	17405139883	20191116164340	1736
13319935953	17885275338	20190325092322	1745
18101213362	19154926260	20190109120758	0894
13319935953	17336673697	20190321080047	2084
14397114174	18101213362	20190719090451	0316
14171709460	16574556259	20191212134852	1544
19602240179	19154926260	20190704095621	0268
18840172592	18101213362	20190110052322	0591
14410679238	15280214634	20190914014745	1578
18101213362	15781588029	20190905134502	1441
15781588029	19342117869	20190529202655	0468
19565082510	15244749863	20190311024021	0759
17405139883	18840172592	20190407185837	2821
14930423697	15305526350	20191011221555	2518
19313925217	14397114174	20191001182730	1356
17336673697	14171709460	20191223015110	2409
14930423697	14171709460	20190815142143	2590
16569963779	15884588694	20190902194028	0335
15647679901	19565082510	20191011195031	0922
19683537146	14397114174	20190204082615	0762
17336673697	19313925217	20190610153946	1116
19342117869	19602240179	20190828220037	2763
13319935953	17405139883	20190905014302	1841
18101213362	19602240179	20190830161341	2602
18101213362	13319935953	20190428115155	1779
19565082510	19602240179	20190115222020	0260
15647679901	16574556259	20190905174819	2677
14171709460	17885275338	20191206212611	2445
14930423697	15647679901	20190219212602	0656
15884588694	19154926260	20190820003314	0095
17336673697	19342117869	20190904180632	0272
15305526350	17405139883	20190503140113	2421
19342117869	14397114174	20190102054008	0335
14930423697	19342117869	20190729191346	0589
15647679901	19565082510	20191012031257	2415
19313925217	17885275338	20190312055935	2206
19565082510	19342117869	20190821093115	0626
15305526350	15781588029	20190501145309	1568
19683537146	19602240179	20191022002813	2971
19602240179	18101213362	20190908020420	0961
17336673697	16160892861	20190527015827	1659
17336673697	18840172592	20190826072937	1174
14410679238	15884588694	20190731215523	0224
14410679238	17885275338	20190811212429	1692
19313925217	14930423697	20191010213932	2959
15647679901	17336673697	20190414061747	2109
14930423697	15280214634	20190111122500	0317
15781588029	17885275338	20190922001425	2759
14171709460	14930423697	20190210183956	1039
14171709460	13319935953	20190323230110	1709
19683537146	18101213362	20190704201922	1165
14171709460	17885275338	20190603121229	1910
15781588029	15244749863	20190621203440	2138
16160892861	15305526350	20190430181629	1248
17885275338	19313925217	20190629072353	2155
16569963779	16574556259	20191209233848	0871
19683537146	19602240179	20190129193337	0342
18101213362	19154926260	20190305152741	1721
15280214634	15647679901	20191002015315	1339
14171709460	18840172592	20190314113449	1037
17405139883	19342117869	20190605055233	2733
14930423697	14397114174	20190316024251	1589
19683537146	19342117869	20190516102648	0281
18840172592	13319935953	20191128001339	2492
17405139883	15647679901	20190423213132	2743
15305526350	19683537146	20190329072539	0419
15244749863	19313925217	20190729153728	1462
15305526350	15781588029	20190807014251	1016
19154926260	17885275338	20190318154458	0282
17405139883	14410679238	20190918133823	2534
19313925217	15305526350	20190202163507	0697
18101213362	15884588694	20191014101748	2644
15781588029	18840172592	20190313115614	2026
13319935953	18101213362	20190128080301	2810
19154926260	16160892861	20191210052529	2868
19565082510	17336673697	20190718004606	0136
14410679238	17336673697	20190321030252	2134
15781588029	14171709460	20190210094031	1234
15280214634	17885275338	20191201095143	2823
16160892861	15305526350	20190531165038	0388
15647679901	14397114174	20190111155645	0469
15280214634	14171709460	20190303210929	2643
19683537146	19602240179	20190829111636	1634
14397114174	13319935953	20190915161039	2520
17405139883	18840172592	20190312120701	2849
17336673697	19683537146	20190719042823	1504
19313925217	16569963779	20190403085859	1835
14171709460	15647679901	20191207131707	0294
18840172592	18101213362	20190720110112	1634
15280214634	17405139883	20190817141603	1836
19602240179	19683537146	20190612191844	2517
15884588694	14410679238	20190429140132	2427
15884588694	19154926260	20190503085432	0562
16574556259	15280214634	20190929141923	0006
19683537146	16569963779	20190219033048	1500
16569963779	19313925217	20190218092301	2640
19683537146	19313925217	20190820161402	2618
19154926260	19683537146	20190125083641	2732
15884588694	15244749863	20190724113859	0628
15884588694	19683537146	20190906121149	1517
18840172592	16569963779	20190228184901	1113
14410679238	15305526350	20190408020930	2060
15305526350	18101213362	20190923103627	1645
13319935953	17405139883	20191214020342	2653
17336673697	19154926260	20190624174615	0507
18840172592	14397114174	20190228002540	2465
18840172592	16160892861	20191204050031	1148
19313925217	14397114174	20191022030142	0178
16569963779	19342117869	20190821084246	0894
17336673697	19342117869	20191227231038	0573
15884588694	15305526350	20191112081455	1822
19342117869	15305526350	20191103114920	2498
18840172592	17336673697	20191105220633	2052
15884588694	19342117869	20190711054322	2805
18101213362	18840172592	20191122170348	1623
15647679901	19565082510	20190326171037	1676
14410679238	19602240179	20190412113901	2458
15781588029	15280214634	20190909151816	0107
19313925217	15647679901	20191125105725	2482
17405139883	16569963779	20191202072948	1990
19342117869	14171709460	20190407062140	0380
16569963779	19313925217	20190109224342	2699
15244749863	19342117869	20190130012958	0857
17405139883	19342117869	20191107222544	1887
19565082510	17336673697	20190315144210	2935
15244749863	17885275338	20191108034203	0524
13319935953	19602240179	20190604075621	0177
18840172592	18101213362	20190213040221	1201
18101213362	15244749863	20190327211346	1019
14171709460	16160892861	20190910001628	1223
19565082510	19154926260	20191125144452	2410
14930423697	15884588694	20190316050938	1816
15244749863	16574556259	20190507002439	0385
19154926260	19565082510	20190202063302	2281
17336673697	16569963779	20190809173857	0895
19342117869	17336673697	20191002000516	2529
16569963779	17336673697	20191102120323	2187
15647679901	17885275338	20191014021736	1617
19683537146	15781588029	20190927192150	2394
14930423697	15647679901	20191001121037	2551
18101213362	16160892861	20190502101752	0874
14171709460	14930423697	20191014152015	1376
19602240179	15244749863	20190325144333	0859
18101213362	14171709460	20190315040024	0431
14410679238	19683537146	20190414092548	0667
18101213362	19342117869	20191004204027	0286
14171709460	19342117869	20191128070057	1353
19602240179	15244749863	20191219083824	0424
19313925217	14397114174	20190915085555	1460
17405139883	19154926260	20191116205003	1702
15647679901	19602240179	20190905191637	1759
19565082510	15647679901	20190904190800	0992
15305526350	17885275338	20190426024857	0584
19313925217	19342117869	20190212224118	1592
14930423697	16160892861	20191019020335	0820
15884588694	19313925217	20190421134844	2161
14410679238	19313925217	20190629045953	0366
15280214634	17336673697	20191107140102	0905
15244749863	16160892861	20190603202859	0021
17885275338	19313925217	20190320085648	0068
13319935953	16569963779	20190705164113	1229
18840172592	19342117869	20190604091211	2656
15280214634	16574556259	20191122163933	1883
13319935953	15781588029	20190506221944	2035
19602240179	18101213362	20190504035101	2977
19683537146	15884588694	20190522170801	2913
16574556259	15280214634	20191010122850	2220
19683537146	18840172592	20190519125225	2827
14410679238	19602240179	20191106023651	2044
16574556259	17336673697	20191217095408	1040
19313925217	19602240179	20190719102541	0592
14171709460	15647679901	20190920164317	1481
14410679238	17885275338	20190904200041	1667
19154926260	14171709460	20190330140750	0587
15244749863	19313925217	20191226183011	2225
15280214634	15781588029	20190506132727	1757
17405139883	16160892861	20190228064741	1120
19313925217	19565082510	20191024194356	0566
15305526350	15244749863	20190910093335	0120
15244749863	17336673697	20190803225427	1776
15280214634	19154926260	20190825000531	1189
17336673697	14397114174	20190405154029	2990
19683537146	19342117869	20191203091431	1226
15781588029	17885275338	20190421013609	1383
18840172592	14410679238	20190410222841	2498
17405139883	15781588029	20190510064747	1611
13319935953	15244749863	20191118182448	2965
19602240179	19683537146	20191011222208	0182
15305526350	15884588694	20190930163543	0661
14930423697	16569963779	20190825195817	2769
14410679238	19154926260	20191119112353	0448
14397114174	16574556259	20190524203643	2048
18840172592	19313925217	20191221224554	0204
14397114174	15244749863	20190526075428	2881
14930423697	19683537146	20190503103124	0451
15781588029	17336673697	20191111204406	0041
17336673697	14397114174	20190610190430	1718
15244749863	15884588694	20191125203636	0969
18840172592	15244749863	20190509122343	2818
19683537146	19602240179	20190807234451	1160
17336673697	14397114174	20190211031444	0390
18840172592	15305526350	20190713220140	1075
16574556259	18101213362	20191121040024	1785
15781588029	17405139883	20191013022929	2244
13319935953	15884588694	20190308190713	0681
16160892861	18101213362	20191219023859	2235
18101213362	15280214634	20190908171310	0648
18101213362	18840172592	20190410100103	0264
15244749863	17336673697	20190701135637	1301
18840172592	15647679901	20190513174818	1011
15280214634	15884588694	20190104161944	2468
15280214634	17885275338	20191014113150	0366
16569963779	15305526350	20190808073748	1395
15280214634	15305526350	20190729180953	0441
17336673697	15884588694	20190125192127	2259
17336673697	18101213362	20190409205508	2139
19602240179	15781588029	20190508220230	0983
18840172592	19154926260	20190917172603	0091
14930423697	13319935953	20190422112418	1720
16160892861	17336673697	20191019031558	2214
18101213362	13319935953	20191015125100	1808
19154926260	16160892861	20191108062816	1671
14930423697	14397114174	20190320134759	0018
17405139883	18101213362	20191116185109	1090
14171709460	15280214634	20190629045047	1374
19154926260	15244749863	20191218090307	0075
14397114174	14171709460	20190224055952	2802
19565082510	16569963779	20190701080130	0331
17405139883	19313925217	20191211173826	1081
18840172592	17885275338	20190725141500	2683
19602240179	15280214634	20190902180442	1106
16569963779	15280214634	20191206095532	1657
17885275338	19342117869	20190723062826	0568
19313925217	19683537146	20190216215334	0043
15884588694	17405139883	20190516042320	0833
15244749863	19602240179	20190907232637	1059
18101213362	15305526350	20191101122629	1344
15244749863	17405139883	20190826124714	0017
19154926260	17885275338	20190905011833	2076
17885275338	15884588694	20191122115158	0407
13319935953	19565082510	20191115174248	2147
15244749863	15647679901	20190504082509	2108
19602240179	19154926260	20190225121658	2331
15280214634	19602240179	20191007193439	0417
17336673697	19602240179	20191011102416	0768
18840172592	15305526350	20191210033258	0449
17885275338	19683537146	20191210111220	0457
19154926260	17336673697	20191003014545	0664
18840172592	17405139883	20191025003244	0909
15884588694	19602240179	20191010233847	0826
19342117869	15244749863	20190717025519	2076
14930423697	14410679238	20190526142706	0560
15280214634	18840172592	20190225010948	0072
18840172592	15781588029	20190216051848	0553
19683537146	15647679901	20191025030159	1824
14410679238	16574556259	20190102082100	2859
18101213362	16160892861	20191003004652	0030
17885275338	15884588694	20190426215255	2296
15244749863	15647679901	20190329022227	1904
16160892861	18101213362	20190818154552	1292
16160892861	14397114174	20190820174230	2106
19565082510	17336673697	20190609020409	2721
17405139883	19342117869	20190904082825	0038
17885275338	17336673697	20190130153351	0605
15280214634	17405139883	20191217101717	2656
14410679238	15647679901	20190517130550	0290
19565082510	16574556259	20190805105755	2037
15305526350	14171709460	20190202142802	0639
15244749863	14171709460	20190825165001	0738
15647679901	14930423697	20190801085453	2900
17885275338	19683537146	20190721162207	2984
14397114174	13319935953	20190105220433	2766
13319935953	16569963779	20190108141638	2650
18101213362	19565082510	20190907070854	0422
18840172592	14930423697	20191203114929	0489
16574556259	15305526350	20190123055610	2289
14930423697	15280214634	20190922233739	2303
14171709460	17885275338	20191126110936	2382
14171709460	15884588694	20190409231830	2399
14410679238	17336673697	20190306073147	0748
14397114174	15280214634	20190827170650	1288
19683537146	14397114174	20190125200415	2060
15884588694	15647679901	20190811113045	2739
18101213362	19683537146	20190624202726	0707
19683537146	15280214634	20191016122830	1517
18840172592	14930423697	20191020175146	0655
19683537146	17885275338	20190827220218	0455
15305526350	14397114174	20190515181218	1989
14410679238	19154926260	20190101140741	1991
19154926260	13319935953	20190530143926	1354
16160892861	18101213362	20190814154143	1743
15305526350	17885275338	20190311064429	1851
19342117869	18101213362	20190721110219	1816
15244749863	17405139883	20191116210030	1757
16160892861	14410679238	20190729133901	0299
15305526350	15280214634	20190825144853	1734
17336673697	19154926260	20191002025305	1909
19313925217	14930423697	20190503133254	0645
13319935953	18840172592	20190501165040	0780
15647679901	15244749863	20190111181119	2798
15280214634	15884588694	20190703074124	2931
15884588694	19602240179	20190510173337	1681
14930423697	18101213362	20191116153129	0504
19342117869	14171709460	20190809190954	1525
15280214634	18101213362	20190907132325	2595
18840172592	15781588029	20190520050241	0442
17336673697	16574556259	20191119045502	2224
19683537146	17885275338	20190717053716	1498
19683537146	14410679238	20190325165123	1115
16160892861	19565082510	20190926173536	0768
16569963779	17405139883	20190621185955	2887
16574556259	19683537146	20190113222330	1134
14397114174	17405139883	20190701224203	2111
19683537146	14171709460	20190818115203	2375
17336673697	17885275338	20190525180003	1005
15781588029	19683537146	20190523141217	1151
15884588694	15244749863	20190109144518	0553
19154926260	16574556259	20190927154358	2897
16160892861	13319935953	20190216004316	1731
18840172592	15884588694	20190311112937	2018
19342117869	17885275338	20190103092353	0845
17885275338	19565082510	20190128030446	1090
18840172592	16574556259	20191010155227	0872
15305526350	17405139883	20191025041619	1574
14171709460	19602240179	20191231155900	0481
16569963779	16160892861	20191218050654	2952
14397114174	19313925217	20190928014015	2582
17405139883	15781588029	20190117205248	1676
18101213362	13319935953	20190118012432	0253
15781588029	16569963779	20190326072330	0386
16569963779	18840172592	20191218132816	0980
16569963779	14930423697	20190821094629	1863
15781588029	15305526350	20190315152551	1328
15244749863	14397114174	20191114230529	0751
14171709460	14930423697	20190219054808	2479
19602240179	15647679901	20190417013915	0319
15244749863	14397114174	20190920003747	0076
15305526350	17336673697	20190920000401	0840
17405139883	15280214634	20191107051206	0311
17336673697	15305526350	20190915100435	1488
19313925217	19602240179	20190606055906	1610
14171709460	19565082510	20191228075327	1697
18840172592	15305526350	20190829041707	1279
14171709460	18840172592	20191218032044	0101
19342117869	14397114174	20191011094943	2684
19154926260	19565082510	20191104053855	1645
15781588029	18101213362	20190314090621	2312
14410679238	16569963779	20191015004829	0879
19565082510	17405139883	20190923002946	1952
13319935953	18840172592	20190608192749	2251
15280214634	15884588694	20190213131857	0563
15305526350	18840172592	20191208164908	1085
15305526350	13319935953	20190419091741	0024
18840172592	15884588694	20190605004320	0186
16160892861	19565082510	20190415134831	0311
14930423697	13319935953	20190402113016	2411
17885275338	15647679901	20191020162837	2077
16569963779	19313925217	20190301154315	1590
19683537146	17405139883	20191109112727	0214
19154926260	14171709460	20190913090402	1944
14397114174	14171709460	20191211004152	2344
16574556259	19154926260	20190519225618	2198
15280214634	15647679901	20190227011435	2077
19602240179	19683537146	20190209154421	2468
15244749863	16569963779	20191021115942	0840
14397114174	15305526350	20190726132332	0192
16160892861	17405139883	20191216082921	0865
15244749863	16160892861	20190207143709	1653
15244749863	18840172592	20190612013812	2656
18840172592	19683537146	20191018103039	1190
14171709460	19565082510	20190820080646	1529
15280214634	15884588694	20190320212851	0308
17405139883	19154926260	20190318071412	0913
14171709460	19565082510	20190415044312	1946
18101213362	17885275338	20191207074315	1268
17336673697	19342117869	20190113101620	2953
15884588694	17405139883	20190219002005	1931
19602240179	16574556259	20190708062430	1506
19313925217	15884588694	20190714030329	2462
15305526350	19602240179	20190918112253	1390
15884588694	15280214634	20191012081223	0153
19565082510	14410679238	20190522151213	1199
15781588029	14410679238	20190513134523	1524
15305526350	13319935953	20190316015206	0687
15647679901	17885275338	20190821055729	1661
19154926260	19565082510	20190630232738	1006
19683537146	17885275338	20190911103000	0615
15244749863	14410679238	20190107084328	2005
18101213362	15305526350	20191026030147	1309
16569963779	19602240179	20190407213720	0054
19683537146	14171709460	20190427033936	1953
18101213362	15647679901	20190625135033	2246
14171709460	15781588029	20190120000121	2064
14930423697	18101213362	20190601003552	2747
16569963779	13319935953	20191017060739	1501
16160892861	17336673697	20191205224449	1562
19683537146	19602240179	20190310191954	2776
15781588029	16574556259	20191125073241	2569
15305526350	19683537146	20190728013019	0259
15280214634	19313925217	20190626141452	1211
16574556259	19154926260	20190402082137	0378
16569963779	17885275338	20190421222619	0864
15781588029	19154926260	20190113025952	2372
17336673697	15305526350	20190904170311	2001
15781588029	13319935953	20191102210924	2497
16160892861	13319935953	20190514073306	2049
17336673697	15647679901	20191124181608	0860
15280214634	18101213362	20190505055916	1605
18840172592	17405139883	20190206150636	1021
13319935953	15305526350	20190319202707	2272
19313925217	18840172592	20190311091259	2616
17885275338	19602240179	20191217025027	0562
15781588029	17336673697	20191007055400	1378
14397114174	15647679901	20190914212317	0046
14171709460	19342117869	20190105090228	1947
15884588694	17336673697	20191103165804	1929
18101213362	19565082510	20191001221221	2076
14397114174	15884588694	20190219035405	0774
19602240179	17885275338	20190814001014	0260
15781588029	19154926260	20190424043935	2683
14171709460	14410679238	20190909194309	2352
14171709460	14397114174	20190717211540	2846
14171709460	18840172592	20191119053121	1716
14397114174	14410679238	20190526155315	2110
19602240179	14410679238	20190419114949	1735
16160892861	16569963779	20190921024814	2799
19313925217	17885275338	20190225061646	0696
16569963779	15884588694	20190503122503	2053
18101213362	13319935953	20191117075338	0578
14171709460	15884588694	20190202173025	0447
18101213362	19313925217	20190707114613	0671
19602240179	16574556259	20190715022333	1561
14410679238	17885275338	20190612071751	1627
16569963779	17885275338	20190714150633	1011
17336673697	15305526350	20190129151358	0020
19683537146	15305526350	20190830152120	0358
15280214634	15781588029	20191104223612	1939
15781588029	15647679901	20190523095032	0138
15781588029	19313925217	20190610011015	0784
15280214634	19154926260	20191017221807	2773
19154926260	17885275338	20190101015032	0845
17885275338	19602240179	20191030161933	2257
15647679901	17885275338	20190719174108	1201
15280214634	18840172592	20190824034240	2331
19154926260	14171709460	20191130203529	1631
15884588694	17336673697	20191216172507	1749
14171709460	15305526350	20190625223605	2439
19565082510	16160892861	20190430083808	0199
19154926260	15781588029	20190422104634	2644
19154926260	19342117869	20190221234845	0063
14930423697	15280214634	20190213032247	1205
15884588694	19342117869	20190227214702	0252
16569963779	14930423697	20191113011059	2118
19342117869	13319935953	20190307025409	1620
17405139883	16574556259	20190726214501	2534
19683537146	15647679901	20190716030908	0588
14171709460	14930423697	20191213042909	1703
16569963779	15305526350	20190227215653	0768
13319935953	18101213362	20190505083928	2172
14410679238	15305526350	20190117020752	2299
16574556259	19602240179	20190209170747	2360
19602240179	17405139883	20190205154741	2848
15781588029	18101213362	20190808213405	0270